\BOOKMARK [1][-]{section.1}{\376\377\137\025\212\000}{}% 1
\BOOKMARK [1][-]{section.2}{\376\377\145\271\154\325}{}% 2
\BOOKMARK [2][-]{subsection.2.1}{\376\377\225\356\230\230\213\276\177\156}{section.2}% 3
\BOOKMARK [2][-]{subsection.2.2}{\376\377\150\070\137\303\144\315\117\134\377\032\217\271\165\114\163\257\142\221\122\066\377\010\000B\000o\000u\000n\000d\000a\000r\000y\000\040\000R\000i\000n\000g\000\040\000S\000u\000p\000p\000r\000e\000s\000s\000i\000o\000n\377\011}{section.2}% 4
\BOOKMARK [2][-]{subsection.2.3}{\376\377\145\271\154\325\123\330\117\123}{section.2}% 5
\BOOKMARK [2][-]{subsection.2.4}{\376\377\143\242\175\042\217\307\172\013\116\055\166\204\131\061\215\045\134\035\213\325}{section.2}% 6
\BOOKMARK [2][-]{subsection.2.5}{\376\377\177\026\211\343\170\001\126\150\145\076\131\047\147\072\122\066}{section.2}% 7
\BOOKMARK [1][-]{section.3}{\376\377\133\236\232\214}{}% 8
\BOOKMARK [2][-]{subsection.3.1}{\376\377\133\236\232\214\213\276\177\156}{section.3}% 9
\BOOKMARK [2][-]{subsection.3.2}{\376\377\116\073\133\236\232\214\176\323\147\234\377\010\000S\000A\000M\0002\377\014\000D\000A\000V\000I\000S\000\040\121\150\226\306\377\014\000n\000=\0008\0008\377\011}{section.3}% 10
\BOOKMARK [2][-]{subsection.3.3}{\376\377\215\350\177\026\211\343\170\001\126\150\154\333\123\026\377\010\000H\000.\0002\0006\0005\000/\000H\000E\000V\000C\377\011}{section.3}% 11
\BOOKMARK [2][-]{subsection.3.4}{\376\377\234\201\150\322\140\047\122\006\147\220\377\032\201\352\220\002\136\224\123\315\122\066\131\004\164\006}{section.3}% 12
\BOOKMARK [2][-]{subsection.3.5}{\376\377\226\220\171\301\145\117\141\037\133\120\226\306\377\032\000P\000e\000r\000s\000o\000n\000-\000o\000n\000l\000y\377\010\000n\000=\0005\0000\377\011}{section.3}% 13
\BOOKMARK [2][-]{subsection.3.6}{\376\377\215\350\217\375\216\052\147\266\147\204\154\333\123\026\377\010\000X\000M\000e\000m\377\011}{section.3}% 14
\BOOKMARK [2][-]{subsection.3.7}{\376\377\173\111\145\110\215\050\221\317\116\013\166\204\000\040\000P\000a\000r\000e\000t\000o\000\040\117\030\215\212\140\047\377\010\137\205\210\145\121\105\377\011}{section.3}% 15
\BOOKMARK [1][-]{section.4}{\376\377\122\006\147\220\116\016\213\250\213\272}{}% 16
\BOOKMARK [2][-]{subsection.4.1}{\376\377\177\026\211\343\170\001\126\150\145\076\131\047\147\072\122\066\166\204\164\006\213\272\122\006\147\220}{section.4}% 17
\BOOKMARK [2][-]{subsection.4.2}{\376\377\143\001\176\355\220\020\136\047\177\026\217\221\000\040\000v\000s\000.\000\040\123\125\136\047\213\260\137\306\142\225\153\322}{section.4}% 18
\BOOKMARK [2][-]{subsection.4.3}{\376\377\145\271\154\325\166\204\134\100\226\120\140\047}{section.4}% 19
\BOOKMARK [1][-]{section.5}{\376\377\176\323\213\272}{}% 20
